{"t":{"$date":"2024-11-22T18:12:28.508+00:00"},"s":"I",  "c":"CONTROL",  "id":23285,   "ctx":"main","msg":"Automatically disabling TLS 1.0, to force-enable TLS 1.0 specify --sslDisabledProtocols 'none'"}
{"t":{"$date":"2024-11-22T18:12:28.510+00:00"},"s":"I",  "c":"CONTROL",  "id":5945603, "ctx":"main","msg":"Multi threading initialized"}
{"t":{"$date":"2024-11-22T18:12:28.511+00:00"},"s":"I",  "c":"NETWORK",  "id":4648601, "ctx":"main","msg":"Implicit TCP FastOpen unavailable. If TCP FastOpen is required, set at least one of the related parameters","attr":{"relatedParameters":["tcpFastOpenServer","tcpFastOpenClient","tcpFastOpenQueueSize"]}}
{"t":{"$date":"2024-11-22T18:12:28.511+00:00"},"s":"I",  "c":"NETWORK",  "id":4915701, "ctx":"main","msg":"Initialized wire specification","attr":{"spec":{"incomingExternalClient":{"minWireVersion":0,"maxWireVersion":25},"incomingInternalClient":{"minWireVersion":0,"maxWireVersion":25},"outgoing":{"minWireVersion":6,"maxWireVersion":25},"isInternalClient":true}}}
{"t":{"$date":"2024-11-22T18:12:28.513+00:00"},"s":"I",  "c":"TENANT_M", "id":7091600, "ctx":"main","msg":"Starting TenantMigrationAccessBlockerRegistry"}
{"t":{"$date":"2024-11-22T18:12:28.513+00:00"},"s":"I",  "c":"CONTROL",  "id":4615611, "ctx":"initandlisten","msg":"MongoDB starting","attr":{"pid":1,"port":27017,"dbPath":"/data/db","architecture":"64-bit","host":"1a34f563f106"}}
{"t":{"$date":"2024-11-22T18:12:28.513+00:00"},"s":"I",  "c":"CONTROL",  "id":23403,   "ctx":"initandlisten","msg":"Build Info","attr":{"buildInfo":{"version":"8.0.3","gitVersion":"89d97f2744a2b9851ddfb51bdf22f687562d9b06","openSSLVersion":"OpenSSL 3.0.13 30 Jan 2024","modules":[],"allocator":"tcmalloc-google","environment":{"distmod":"ubuntu2404","distarch":"x86_64","target_arch":"x86_64"}}}}
{"t":{"$date":"2024-11-22T18:12:28.514+00:00"},"s":"I",  "c":"CONTROL",  "id":51765,   "ctx":"initandlisten","msg":"Operating System","attr":{"os":{"name":"Ubuntu","version":"24.04"}}}
{"t":{"$date":"2024-11-22T18:12:28.514+00:00"},"s":"I",  "c":"CONTROL",  "id":21951,   "ctx":"initandlisten","msg":"Options set by command line","attr":{"options":{"net":{"bindIp":"0.0.0.0","port":27017},"storage":{"dbPath":"/data/db"},"systemLog":{"destination":"file","path":"/data/db/mongo.log"}}}}
{"t":{"$date":"2024-11-22T18:12:28.519+00:00"},"s":"W",  "c":"STORAGE",  "id":22271,   "ctx":"initandlisten","msg":"Detected unclean shutdown - Lock file is not empty","attr":{"lockFile":"/data/db/mongod.lock"}}
{"t":{"$date":"2024-11-22T18:12:28.525+00:00"},"s":"I",  "c":"STORAGE",  "id":22270,   "ctx":"initandlisten","msg":"Storage engine to use detected by data files","attr":{"dbpath":"/data/db","storageEngine":"wiredTiger"}}
{"t":{"$date":"2024-11-22T18:12:28.530+00:00"},"s":"W",  "c":"STORAGE",  "id":22302,   "ctx":"initandlisten","msg":"Recovering data from the last clean checkpoint."}
{"t":{"$date":"2024-11-22T18:12:28.532+00:00"},"s":"I",  "c":"STORAGE",  "id":22315,   "ctx":"initandlisten","msg":"Opening WiredTiger","attr":{"config":"create,cache_size=3311M,session_max=33000,eviction=(threads_min=4,threads_max=4),config_base=false,statistics=(fast),log=(enabled=true,remove=true,path=journal,compressor=snappy),builtin_extension_config=(zstd=(compression_level=6)),file_manager=(close_idle_time=600,close_scan_interval=10,close_handle_minimum=2000),statistics_log=(wait=0),json_output=(error,message),verbose=[recovery_progress:1,checkpoint_progress:1,compact_progress:1,backup:0,checkpoint:0,compact:0,evict:0,history_store:0,recovery:0,rts:0,salvage:0,tiered:0,timestamp:0,transaction:0,verify:0,log:0],prefetch=(available=true,default=false),"}}
{"t":{"$date":"2024-11-22T18:12:41.999+00:00"},"s":"I",  "c":"WTRECOV",  "id":22430,   "ctx":"initandlisten","msg":"WiredTiger message","attr":{"message":{"ts_sec":1732299161,"ts_usec":999381,"thread":"1:0x7fd495a1b680","session_name":"txn-recover","category":"WT_VERB_RECOVERY_PROGRESS","category_id":34,"verbose_level":"DEBUG_1","verbose_level_id":1,"msg":"Recovering log 1 through 2"}}}
{"t":{"$date":"2024-11-22T18:12:44.824+00:00"},"s":"I",  "c":"WTRECOV",  "id":22430,   "ctx":"initandlisten","msg":"WiredTiger message","attr":{"message":{"ts_sec":1732299164,"ts_usec":824444,"thread":"1:0x7fd495a1b680","session_name":"txn-recover","category":"WT_VERB_RECOVERY_PROGRESS","category_id":34,"verbose_level":"DEBUG_1","verbose_level_id":1,"msg":"Recovering log 2 through 2"}}}
{"t":{"$date":"2024-11-22T18:12:47.337+00:00"},"s":"I",  "c":"WTRECOV",  "id":22430,   "ctx":"initandlisten","msg":"WiredTiger message","attr":{"message":{"ts_sec":1732299167,"ts_usec":337268,"thread":"1:0x7fd495a1b680","session_name":"txn-recover","category":"WT_VERB_RECOVERY_PROGRESS","category_id":34,"verbose_level":"DEBUG_1","verbose_level_id":1,"msg":"Main recovery loop: starting at 1/48256 to 2/256"}}}
{"t":{"$date":"2024-11-22T18:12:47.363+00:00"},"s":"I",  "c":"WTRECOV",  "id":22430,   "ctx":"initandlisten","msg":"WiredTiger message","attr":{"message":{"ts_sec":1732299167,"ts_usec":363032,"thread":"1:0x7fd495a1b680","session_name":"txn-recover","category":"WT_VERB_RECOVERY_PROGRESS","category_id":34,"verbose_level":"DEBUG_1","verbose_level_id":1,"msg":"Recovering log 1 through 2"}}}
{"t":{"$date":"2024-11-22T18:12:49.906+00:00"},"s":"I",  "c":"WTRECOV",  "id":22430,   "ctx":"initandlisten","msg":"WiredTiger message","attr":{"message":{"ts_sec":1732299169,"ts_usec":906698,"thread":"1:0x7fd495a1b680","session_name":"txn-recover","category":"WT_VERB_RECOVERY_PROGRESS","category_id":34,"verbose_level":"DEBUG_1","verbose_level_id":1,"msg":"Recovering log 2 through 2"}}}
{"t":{"$date":"2024-11-22T18:12:53.112+00:00"},"s":"I",  "c":"WTRECOV",  "id":22430,   "ctx":"initandlisten","msg":"WiredTiger message","attr":{"message":{"ts_sec":1732299173,"ts_usec":112013,"thread":"1:0x7fd495a1b680","session_name":"txn-recover","category":"WT_VERB_RECOVERY_PROGRESS","category_id":34,"verbose_level":"DEBUG_1","verbose_level_id":1,"msg":"recovery log replay has successfully finished and ran for 11128 milliseconds"}}}
{"t":{"$date":"2024-11-22T18:12:53.112+00:00"},"s":"I",  "c":"WTRECOV",  "id":22430,   "ctx":"initandlisten","msg":"WiredTiger message","attr":{"message":{"ts_sec":1732299173,"ts_usec":112548,"thread":"1:0x7fd495a1b680","session_name":"txn-recover","category":"WT_VERB_RECOVERY_PROGRESS","category_id":34,"verbose_level":"DEBUG_1","verbose_level_id":1,"msg":"Set global recovery timestamp: (0, 0)"}}}
{"t":{"$date":"2024-11-22T18:12:53.113+00:00"},"s":"I",  "c":"WTRECOV",  "id":22430,   "ctx":"initandlisten","msg":"WiredTiger message","attr":{"message":{"ts_sec":1732299173,"ts_usec":113106,"thread":"1:0x7fd495a1b680","session_name":"txn-recover","category":"WT_VERB_RECOVERY_PROGRESS","category_id":34,"verbose_level":"DEBUG_1","verbose_level_id":1,"msg":"Set global oldest timestamp: (0, 0)"}}}
{"t":{"$date":"2024-11-22T18:12:53.117+00:00"},"s":"I",  "c":"WTRECOV",  "id":22430,   "ctx":"initandlisten","msg":"WiredTiger message","attr":{"message":{"ts_sec":1732299173,"ts_usec":117608,"thread":"1:0x7fd495a1b680","session_name":"txn-recover","category":"WT_VERB_RECOVERY_PROGRESS","category_id":34,"verbose_level":"DEBUG_1","verbose_level_id":1,"msg":"recovery rollback to stable has successfully finished and ran for 2 milliseconds"}}}
{"t":{"$date":"2024-11-22T18:12:53.139+00:00"},"s":"I",  "c":"WTCHKPT",  "id":22430,   "ctx":"initandlisten","msg":"WiredTiger message","attr":{"message":{"ts_sec":1732299173,"ts_usec":139405,"thread":"1:0x7fd495a1b680","session_name":"WT_SESSION.checkpoint","category":"WT_VERB_CHECKPOINT_PROGRESS","category_id":7,"verbose_level":"DEBUG_1","verbose_level_id":1,"msg":"saving checkpoint snapshot min: 3, snapshot max: 3 snapshot count: 0, oldest timestamp: (0, 0) , meta checkpoint timestamp: (0, 0) base write gen: 41"}}}
{"t":{"$date":"2024-11-22T18:12:53.345+00:00"},"s":"I",  "c":"WTRECOV",  "id":22430,   "ctx":"initandlisten","msg":"WiredTiger message","attr":{"message":{"ts_sec":1732299173,"ts_usec":345456,"thread":"1:0x7fd495a1b680","session_name":"txn-recover","category":"WT_VERB_RECOVERY_PROGRESS","category_id":34,"verbose_level":"DEBUG_1","verbose_level_id":1,"msg":"recovery checkpoint has successfully finished and ran for 227 milliseconds"}}}
{"t":{"$date":"2024-11-22T18:12:53.348+00:00"},"s":"I",  "c":"WTRECOV",  "id":22430,   "ctx":"initandlisten","msg":"WiredTiger message","attr":{"message":{"ts_sec":1732299173,"ts_usec":348401,"thread":"1:0x7fd495a1b680","session_name":"txn-recover","category":"WT_VERB_RECOVERY_PROGRESS","category_id":34,"verbose_level":"DEBUG_1","verbose_level_id":1,"msg":"recovery was completed successfully and took 11364ms, including 11128ms for the log replay, 2ms for the rollback to stable, and 227ms for the checkpoint."}}}
{"t":{"$date":"2024-11-22T18:12:53.368+00:00"},"s":"I",  "c":"STORAGE",  "id":4795906, "ctx":"initandlisten","msg":"WiredTiger opened","attr":{"durationMillis":24836}}
{"t":{"$date":"2024-11-22T18:12:53.368+00:00"},"s":"I",  "c":"RECOVERY", "id":23987,   "ctx":"initandlisten","msg":"WiredTiger recoveryTimestamp","attr":{"recoveryTimestamp":{"$timestamp":{"t":0,"i":0}}}}
{"t":{"$date":"2024-11-22T18:12:53.572+00:00"},"s":"W",  "c":"CONTROL",  "id":22120,   "ctx":"initandlisten","msg":"Access control is not enabled for the database. Read and write access to data and configuration is unrestricted","tags":["startupWarnings"]}
{"t":{"$date":"2024-11-22T18:12:53.572+00:00"},"s":"W",  "c":"CONTROL",  "id":9068900, "ctx":"initandlisten","msg":"For customers running the current memory allocator, we suggest changing the contents of the following sysfsFile","attr":{"allocator":"tcmalloc-google","sysfsFile":"/sys/kernel/mm/transparent_hugepage/defrag","currentValue":"madvise","desiredValue":"defer+madvise"},"tags":["startupWarnings"]}
{"t":{"$date":"2024-11-22T18:12:53.573+00:00"},"s":"W",  "c":"CONTROL",  "id":8640302, "ctx":"initandlisten","msg":"We suggest setting the contents of sysfsFile to 0.","attr":{"sysfsFile":"/sys/kernel/mm/transparent_hugepage/khugepaged/max_ptes_none","currentValue":511},"tags":["startupWarnings"]}
{"t":{"$date":"2024-11-22T18:12:53.573+00:00"},"s":"W",  "c":"CONTROL",  "id":8718500, "ctx":"initandlisten","msg":"Your system has glibc support for rseq built in, which is not yet supported by tcmalloc-google and has critical performance implications. Please set the environment variable GLIBC_TUNABLES=glibc.pthread.rseq=0","tags":["startupWarnings"]}
{"t":{"$date":"2024-11-22T18:12:53.573+00:00"},"s":"W",  "c":"NETWORK",  "id":5123300, "ctx":"initandlisten","msg":"vm.max_map_count is too low","attr":{"currentValue":262144,"recommendedMinimum":1677720,"maxConns":838860},"tags":["startupWarnings"]}
{"t":{"$date":"2024-11-22T18:12:53.574+00:00"},"s":"W",  "c":"CONTROL",  "id":8386700, "ctx":"initandlisten","msg":"We suggest setting swappiness to 0 or 1, as swapping can cause performance problems.","attr":{"sysfsFile":"/proc/sys/vm/swappiness","currentValue":60},"tags":["startupWarnings"]}
{"t":{"$date":"2024-11-22T18:12:53.662+00:00"},"s":"I",  "c":"NETWORK",  "id":4915702, "ctx":"initandlisten","msg":"Updated wire specification","attr":{"oldSpec":{"incomingExternalClient":{"minWireVersion":0,"maxWireVersion":25},"incomingInternalClient":{"minWireVersion":0,"maxWireVersion":25},"outgoing":{"minWireVersion":6,"maxWireVersion":25},"isInternalClient":true},"newSpec":{"incomingExternalClient":{"minWireVersion":0,"maxWireVersion":25},"incomingInternalClient":{"minWireVersion":25,"maxWireVersion":25},"outgoing":{"minWireVersion":25,"maxWireVersion":25},"isInternalClient":true}}}
{"t":{"$date":"2024-11-22T18:12:53.663+00:00"},"s":"I",  "c":"REPL",     "id":5853300, "ctx":"initandlisten","msg":"current featureCompatibilityVersion value","attr":{"featureCompatibilityVersion":"8.0","context":"startup"}}
{"t":{"$date":"2024-11-22T18:12:53.670+00:00"},"s":"I",  "c":"STORAGE",  "id":5071100, "ctx":"initandlisten","msg":"Clearing temp directory"}
{"t":{"$date":"2024-11-22T18:12:53.672+00:00"},"s":"I",  "c":"CONTROL",  "id":6608200, "ctx":"initandlisten","msg":"Initializing cluster server parameters from disk"}
{"t":{"$date":"2024-11-22T18:12:53.673+00:00"},"s":"I",  "c":"CONTROL",  "id":20536,   "ctx":"initandlisten","msg":"Flow Control is enabled on this deployment"}
{"t":{"$date":"2024-11-22T18:12:53.674+00:00"},"s":"I",  "c":"FTDC",     "id":20625,   "ctx":"initandlisten","msg":"Initializing full-time diagnostic data capture","attr":{"dataDirectory":"/data/db/diagnostic.data"}}
{"t":{"$date":"2024-11-22T18:12:53.726+00:00"},"s":"I",  "c":"REPL",     "id":6015317, "ctx":"initandlisten","msg":"Setting new configuration state","attr":{"newState":"ConfigReplicationDisabled","oldState":"ConfigPreStart"}}
{"t":{"$date":"2024-11-22T18:12:53.727+00:00"},"s":"I",  "c":"STORAGE",  "id":22262,   "ctx":"initandlisten","msg":"Timestamp monitor starting"}
{"t":{"$date":"2024-11-22T18:12:53.727+00:00"},"s":"I",  "c":"STORAGE",  "id":7333401, "ctx":"initandlisten","msg":"Starting the DiskSpaceMonitor"}
{"t":{"$date":"2024-11-22T18:12:53.730+00:00"},"s":"I",  "c":"NETWORK",  "id":23015,   "ctx":"listener","msg":"Listening on","attr":{"address":"/tmp/mongodb-27017.sock"}}
{"t":{"$date":"2024-11-22T18:12:53.730+00:00"},"s":"I",  "c":"NETWORK",  "id":23015,   "ctx":"listener","msg":"Listening on","attr":{"address":"0.0.0.0:27017"}}
{"t":{"$date":"2024-11-22T18:12:53.731+00:00"},"s":"I",  "c":"NETWORK",  "id":23016,   "ctx":"listener","msg":"Waiting for connections","attr":{"port":27017,"ssl":"off"}}
{"t":{"$date":"2024-11-22T18:12:53.731+00:00"},"s":"I",  "c":"CONTROL",  "id":8423403, "ctx":"initandlisten","msg":"mongod startup complete","attr":{"Summary of time elapsed":{"Startup from clean shutdown?":false,"Statistics":{"Set up periodic runner":"0 ms","Set up online certificate status protocol manager":"0 ms","Transport layer setup":"0 ms","Run initial syncer crash recovery":"0 ms","Create storage engine lock file in the data directory":"4 ms","Get metadata describing storage engine":"0 ms","Validate options in metadata against current startup options":"0 ms","Create storage engine":"24970 ms","Write current PID to file":"76 ms","Initialize FCV before rebuilding indexes":"87 ms","Drop abandoned idents and get back indexes that need to be rebuilt or builds that need to be restarted":"0 ms","Rebuild indexes for collections":"0 ms","Load cluster parameters from disk for a standalone":"1 ms","Build user and roles graph":"0 ms","Set up the background thread pool responsible for waiting for opTimes to be majority committed":"0 ms","Start up the replication coordinator":"0 ms","Ensure the change stream collections on startup contain consistent data":"0 ms","Write startup options to the audit log":"0 ms","Start transport layer":"2 ms","_initAndListen total elapsed time":"25218 ms"}}}}
{"t":{"$date":"2024-11-22T18:12:54.000+00:00"},"s":"I",  "c":"NETWORK",  "id":22943,   "ctx":"listener","msg":"Connection accepted","attr":{"remote":"172.19.0.1:52682","uuid":{"uuid":{"$uuid":"621deb2c-bd53-4382-a67d-1e514dfa259a"}},"connectionId":1,"connectionCount":1}}
{"t":{"$date":"2024-11-22T18:12:54.001+00:00"},"s":"I",  "c":"NETWORK",  "id":51800,   "ctx":"conn1","msg":"client metadata","attr":{"remote":"172.19.0.1:52682","client":"conn1","negotiatedCompressors":[],"doc":{"driver":{"name":"nodejs","version":"6.10.0"},"platform":"Node.js v20.15.0, LE","os":{"name":"win32","architecture":"x64","version":"10.0.22631","type":"Windows_NT"}}}}
{"t":{"$date":"2024-11-22T18:12:54.021+00:00"},"s":"I",  "c":"NETWORK",  "id":22943,   "ctx":"listener","msg":"Connection accepted","attr":{"remote":"172.19.0.1:52686","uuid":{"uuid":{"$uuid":"18bb61e5-f4e7-422d-8717-608f440af9c4"}},"connectionId":2,"connectionCount":2}}
{"t":{"$date":"2024-11-22T18:12:54.022+00:00"},"s":"I",  "c":"NETWORK",  "id":51800,   "ctx":"conn2","msg":"client metadata","attr":{"remote":"172.19.0.1:52686","client":"conn2","negotiatedCompressors":[],"doc":{"driver":{"name":"nodejs","version":"6.10.0"},"platform":"Node.js v20.15.0, LE","os":{"name":"win32","architecture":"x64","version":"10.0.22631","type":"Windows_NT"}}}}
{"t":{"$date":"2024-11-22T18:12:54.043+00:00"},"s":"I",  "c":"NETWORK",  "id":6788700, "ctx":"conn2","msg":"Received first command on ingress connection since session start or auth handshake","attr":{"elapsedMillis":21}}
{"t":{"$date":"2024-11-22T18:12:54.090+00:00"},"s":"I",  "c":"FTDC",     "id":20631,   "ctx":"ftdc","msg":"Unclean full-time diagnostic data capture shutdown detected, found interim file, some metrics may have been lost","attr":{"error":{"code":0,"codeName":"OK"}}}
{"t":{"$date":"2024-11-22T18:12:54.155+00:00"},"s":"I",  "c":"COMMAND",  "id":51803,   "ctx":"conn2","msg":"Slow query","attr":{"type":"command","isFromUserConnection":true,"ns":"UserDB.User","collectionType":"normal","command":{"insert":"User","documents":[{"username":"usernameeee","email":"usernameeee@gmail.com","password":"password123","_id":{"$oid":"6740c9a668edc77989ecee32"}}],"ordered":true,"lsid":{"id":{"$uuid":"88dd9904-b893-45e1-a998-d0f943efcc2e"}},"$db":"UserDB"},"ninserted":1,"keysInserted":1,"numYields":0,"reslen":45,"locks":{"ReplicationStateTransition":{"acquireCount":{"w":1}},"Global":{"acquireCount":{"w":1}},"Database":{"acquireCount":{"w":1}},"Collection":{"acquireCount":{"w":1}}},"flowControl":{"acquireCount":1},"storage":{"data":{"bytesRead":514,"timeReadingMicros":34912,"txnBytesDirty":1247}},"cpuNanos":10163600,"remote":"172.19.0.1:52686","protocol":"op_msg","queues":{"ingress":{"admissions":1},"execution":{"admissions":2}},"workingMillis":111,"durationMillis":111}}
{"t":{"$date":"2024-11-22T18:12:54.198+00:00"},"s":"I",  "c":"NETWORK",  "id":22944,   "ctx":"conn2","msg":"Connection ended","attr":{"remote":"172.19.0.1:52686","uuid":{"uuid":{"$uuid":"18bb61e5-f4e7-422d-8717-608f440af9c4"}},"connectionId":2,"connectionCount":1}}
{"t":{"$date":"2024-11-22T18:12:54.199+00:00"},"s":"I",  "c":"NETWORK",  "id":22944,   "ctx":"conn1","msg":"Connection ended","attr":{"remote":"172.19.0.1:52682","uuid":{"uuid":{"$uuid":"621deb2c-bd53-4382-a67d-1e514dfa259a"}},"connectionId":1,"connectionCount":0}}
{"t":{"$date":"2024-11-22T18:12:54.797+00:00"},"s":"I",  "c":"NETWORK",  "id":22943,   "ctx":"listener","msg":"Connection accepted","attr":{"remote":"172.19.0.1:52690","uuid":{"uuid":{"$uuid":"ec23e33f-0358-4bd1-bdfe-0308c7748987"}},"connectionId":3,"connectionCount":1}}
{"t":{"$date":"2024-11-22T18:12:54.800+00:00"},"s":"I",  "c":"NETWORK",  "id":51800,   "ctx":"conn3","msg":"client metadata","attr":{"remote":"172.19.0.1:52690","client":"conn3","negotiatedCompressors":[],"doc":{"application":{"name":"MongoDB Compass"},"driver":{"name":"nodejs","version":"6.9.0"},"platform":"Node.js v20.18.0, LE","os":{"name":"win32","architecture":"x64","version":"10.0.22631","type":"Windows_NT"}}}}
{"t":{"$date":"2024-11-22T18:12:54.803+00:00"},"s":"W",  "c":"CONTROL",  "id":636300,  "ctx":"ftdc","msg":"Use of deprecated server parameter name","attr":{"deprecatedName":"internalQueryCacheSize","canonicalName":"internalQueryCacheMaxEntriesPerCollection"}}
{"t":{"$date":"2024-11-22T18:12:54.804+00:00"},"s":"W",  "c":"CONTROL",  "id":636300,  "ctx":"ftdc","msg":"Use of deprecated server parameter name","attr":{"deprecatedName":"oplogSamplingLogIntervalSeconds","canonicalName":"collectionSamplingLogIntervalSeconds"}}
{"t":{"$date":"2024-11-22T18:12:54.805+00:00"},"s":"W",  "c":"NETWORK",  "id":23803,   "ctx":"ftdc","msg":"Use of deprecated server parameter 'sslMode', please use 'tlsMode' instead."}
{"t":{"$date":"2024-11-22T18:12:54.806+00:00"},"s":"W",  "c":"CONTROL",  "id":636300,  "ctx":"ftdc","msg":"Use of deprecated server parameter name","attr":{"deprecatedName":"wiredTigerConcurrentReadTransactions","canonicalName":"storageEngineConcurrentReadTransactions"}}
{"t":{"$date":"2024-11-22T18:12:54.806+00:00"},"s":"W",  "c":"CONTROL",  "id":636300,  "ctx":"ftdc","msg":"Use of deprecated server parameter name","attr":{"deprecatedName":"wiredTigerConcurrentWriteTransactions","canonicalName":"storageEngineConcurrentWriteTransactions"}}
{"t":{"$date":"2024-11-22T18:13:12.401+00:00"},"s":"I",  "c":"NETWORK",  "id":22943,   "ctx":"listener","msg":"Connection accepted","attr":{"remote":"172.19.0.1:41138","uuid":{"uuid":{"$uuid":"a1bf7b5d-9fb0-4a5c-b8e0-e918852882b9"}},"connectionId":4,"connectionCount":2}}
{"t":{"$date":"2024-11-22T18:13:12.402+00:00"},"s":"I",  "c":"NETWORK",  "id":51800,   "ctx":"conn4","msg":"client metadata","attr":{"remote":"172.19.0.1:41138","client":"conn4","negotiatedCompressors":[],"doc":{"application":{"name":"MongoDB Compass"},"driver":{"name":"nodejs","version":"6.9.0"},"platform":"Node.js v20.18.0, LE","os":{"name":"win32","architecture":"x64","version":"10.0.22631","type":"Windows_NT"}}}}
{"t":{"$date":"2024-11-22T18:13:12.410+00:00"},"s":"I",  "c":"NETWORK",  "id":6788700, "ctx":"conn4","msg":"Received first command on ingress connection since session start or auth handshake","attr":{"elapsedMillis":7}}
{"t":{"$date":"2024-11-22T18:13:12.417+00:00"},"s":"I",  "c":"NETWORK",  "id":22943,   "ctx":"listener","msg":"Connection accepted","attr":{"remote":"172.19.0.1:41150","uuid":{"uuid":{"$uuid":"44aa3aa1-c408-46f1-a381-49170420c1c3"}},"connectionId":5,"connectionCount":3}}
{"t":{"$date":"2024-11-22T18:13:12.417+00:00"},"s":"I",  "c":"NETWORK",  "id":22943,   "ctx":"listener","msg":"Connection accepted","attr":{"remote":"172.19.0.1:41162","uuid":{"uuid":{"$uuid":"f350a4c6-c541-4a76-997d-1c9257238297"}},"connectionId":6,"connectionCount":4}}
{"t":{"$date":"2024-11-22T18:13:12.418+00:00"},"s":"I",  "c":"NETWORK",  "id":51800,   "ctx":"conn5","msg":"client metadata","attr":{"remote":"172.19.0.1:41150","client":"conn5","negotiatedCompressors":[],"doc":{"application":{"name":"MongoDB Compass"},"driver":{"name":"nodejs","version":"6.9.0"},"platform":"Node.js v20.18.0, LE","os":{"name":"win32","architecture":"x64","version":"10.0.22631","type":"Windows_NT"}}}}
{"t":{"$date":"2024-11-22T18:13:12.418+00:00"},"s":"I",  "c":"NETWORK",  "id":51800,   "ctx":"conn6","msg":"client metadata","attr":{"remote":"172.19.0.1:41162","client":"conn6","negotiatedCompressors":[],"doc":{"application":{"name":"MongoDB Compass"},"driver":{"name":"nodejs","version":"6.9.0"},"platform":"Node.js v20.18.0, LE","os":{"name":"win32","architecture":"x64","version":"10.0.22631","type":"Windows_NT"}}}}
{"t":{"$date":"2024-11-22T18:13:12.427+00:00"},"s":"I",  "c":"NETWORK",  "id":6788700, "ctx":"conn5","msg":"Received first command on ingress connection since session start or auth handshake","attr":{"elapsedMillis":8}}
{"t":{"$date":"2024-11-22T18:13:12.427+00:00"},"s":"I",  "c":"NETWORK",  "id":6788700, "ctx":"conn6","msg":"Received first command on ingress connection since session start or auth handshake","attr":{"elapsedMillis":8}}
{"t":{"$date":"2024-11-22T18:13:18.383+00:00"},"s":"I",  "c":"NETWORK",  "id":22943,   "ctx":"listener","msg":"Connection accepted","attr":{"remote":"172.19.0.1:41174","uuid":{"uuid":{"$uuid":"c61c6632-4763-4272-a277-a3d80e6bc0a9"}},"connectionId":7,"connectionCount":5}}
{"t":{"$date":"2024-11-22T18:13:18.395+00:00"},"s":"I",  "c":"NETWORK",  "id":22943,   "ctx":"listener","msg":"Connection accepted","attr":{"remote":"172.19.0.1:41164","uuid":{"uuid":{"$uuid":"79266f74-f757-4094-af10-d8c291ec4c48"}},"connectionId":8,"connectionCount":6}}
{"t":{"$date":"2024-11-22T18:13:18.410+00:00"},"s":"I",  "c":"NETWORK",  "id":51800,   "ctx":"conn8","msg":"client metadata","attr":{"remote":"172.19.0.1:41164","client":"conn8","negotiatedCompressors":[],"doc":{"application":{"name":"MongoDB Compass"},"driver":{"name":"nodejs","version":"6.9.0"},"platform":"Node.js v20.18.0, LE","os":{"name":"win32","architecture":"x64","version":"10.0.22631","type":"Windows_NT"}}}}
{"t":{"$date":"2024-11-22T18:13:18.410+00:00"},"s":"I",  "c":"NETWORK",  "id":51800,   "ctx":"conn7","msg":"client metadata","attr":{"remote":"172.19.0.1:41174","client":"conn7","negotiatedCompressors":[],"doc":{"application":{"name":"MongoDB Compass"},"driver":{"name":"nodejs","version":"6.9.0"},"platform":"Node.js v20.18.0, LE","os":{"name":"win32","architecture":"x64","version":"10.0.22631","type":"Windows_NT"}}}}
{"t":{"$date":"2024-11-22T18:13:18.498+00:00"},"s":"I",  "c":"NETWORK",  "id":6788700, "ctx":"conn7","msg":"Received first command on ingress connection since session start or auth handshake","attr":{"elapsedMillis":88}}
{"t":{"$date":"2024-11-22T18:13:18.498+00:00"},"s":"I",  "c":"NETWORK",  "id":6788700, "ctx":"conn8","msg":"Received first command on ingress connection since session start or auth handshake","attr":{"elapsedMillis":88}}
{"t":{"$date":"2024-11-22T18:13:53.581+00:00"},"s":"I",  "c":"WTCHKPT",  "id":22430,   "ctx":"Checkpointer","msg":"WiredTiger message","attr":{"message":{"ts_sec":1732299233,"ts_usec":581139,"thread":"1:0x7fd4871da6c0","session_name":"WT_SESSION.checkpoint","category":"WT_VERB_CHECKPOINT_PROGRESS","category_id":7,"verbose_level":"DEBUG_1","verbose_level_id":1,"msg":"saving checkpoint snapshot min: 7, snapshot max: 7 snapshot count: 0, oldest timestamp: (0, 0) , meta checkpoint timestamp: (0, 0) base write gen: 41"}}}
{"t":{"$date":"2024-11-22T18:14:53.622+00:00"},"s":"I",  "c":"WTCHKPT",  "id":22430,   "ctx":"Checkpointer","msg":"WiredTiger message","attr":{"message":{"ts_sec":1732299293,"ts_usec":622597,"thread":"1:0x7fd4871da6c0","session_name":"WT_SESSION.checkpoint","category":"WT_VERB_CHECKPOINT_PROGRESS","category_id":7,"verbose_level":"DEBUG_1","verbose_level_id":1,"msg":"saving checkpoint snapshot min: 12, snapshot max: 12 snapshot count: 0, oldest timestamp: (0, 0) , meta checkpoint timestamp: (0, 0) base write gen: 41"}}}
{"t":{"$date":"2024-11-22T18:15:53.656+00:00"},"s":"I",  "c":"WTCHKPT",  "id":22430,   "ctx":"Checkpointer","msg":"WiredTiger message","attr":{"message":{"ts_sec":1732299353,"ts_usec":656460,"thread":"1:0x7fd4871da6c0","session_name":"WT_SESSION.checkpoint","category":"WT_VERB_CHECKPOINT_PROGRESS","category_id":7,"verbose_level":"DEBUG_1","verbose_level_id":1,"msg":"saving checkpoint snapshot min: 13, snapshot max: 13 snapshot count: 0, oldest timestamp: (0, 0) , meta checkpoint timestamp: (0, 0) base write gen: 41"}}}
{"t":{"$date":"2024-11-22T18:16:53.687+00:00"},"s":"I",  "c":"WTCHKPT",  "id":22430,   "ctx":"Checkpointer","msg":"WiredTiger message","attr":{"message":{"ts_sec":1732299413,"ts_usec":687895,"thread":"1:0x7fd4871da6c0","session_name":"WT_SESSION.checkpoint","category":"WT_VERB_CHECKPOINT_PROGRESS","category_id":7,"verbose_level":"DEBUG_1","verbose_level_id":1,"msg":"saving checkpoint snapshot min: 14, snapshot max: 14 snapshot count: 0, oldest timestamp: (0, 0) , meta checkpoint timestamp: (0, 0) base write gen: 41"}}}
{"t":{"$date":"2024-11-22T18:17:53.710+00:00"},"s":"I",  "c":"WTCHKPT",  "id":22430,   "ctx":"Checkpointer","msg":"WiredTiger message","attr":{"message":{"ts_sec":1732299473,"ts_usec":710143,"thread":"1:0x7fd4871da6c0","session_name":"WT_SESSION.checkpoint","category":"WT_VERB_CHECKPOINT_PROGRESS","category_id":7,"verbose_level":"DEBUG_1","verbose_level_id":1,"msg":"saving checkpoint snapshot min: 15, snapshot max: 15 snapshot count: 0, oldest timestamp: (0, 0) , meta checkpoint timestamp: (0, 0) base write gen: 41"}}}
{"t":{"$date":"2024-11-22T18:18:53.767+00:00"},"s":"I",  "c":"WTCHKPT",  "id":22430,   "ctx":"Checkpointer","msg":"WiredTiger message","attr":{"message":{"ts_sec":1732299533,"ts_usec":767631,"thread":"1:0x7fd4871da6c0","session_name":"WT_SESSION.checkpoint","category":"WT_VERB_CHECKPOINT_PROGRESS","category_id":7,"verbose_level":"DEBUG_1","verbose_level_id":1,"msg":"saving checkpoint snapshot min: 23, snapshot max: 23 snapshot count: 0, oldest timestamp: (0, 0) , meta checkpoint timestamp: (0, 0) base write gen: 41"}}}
{"t":{"$date":"2024-11-22T18:19:04.408+00:00"},"s":"I",  "c":"-",        "id":20883,   "ctx":"conn3","msg":"Interrupted operation as its client disconnected","attr":{"opId":15397}}
{"t":{"$date":"2024-11-22T18:19:04.410+00:00"},"s":"I",  "c":"NETWORK",  "id":22944,   "ctx":"conn3","msg":"Connection ended","attr":{"remote":"172.19.0.1:52690","uuid":{"uuid":{"$uuid":"ec23e33f-0358-4bd1-bdfe-0308c7748987"}},"connectionId":3,"connectionCount":5}}
{"t":{"$date":"2024-11-22T18:19:04.414+00:00"},"s":"I",  "c":"NETWORK",  "id":22944,   "ctx":"conn5","msg":"Connection ended","attr":{"remote":"172.19.0.1:41150","uuid":{"uuid":{"$uuid":"44aa3aa1-c408-46f1-a381-49170420c1c3"}},"connectionId":5,"connectionCount":4}}
{"t":{"$date":"2024-11-22T18:19:04.414+00:00"},"s":"I",  "c":"NETWORK",  "id":22944,   "ctx":"conn4","msg":"Connection ended","attr":{"remote":"172.19.0.1:41138","uuid":{"uuid":{"$uuid":"a1bf7b5d-9fb0-4a5c-b8e0-e918852882b9"}},"connectionId":4,"connectionCount":3}}
{"t":{"$date":"2024-11-22T18:19:04.415+00:00"},"s":"I",  "c":"NETWORK",  "id":22944,   "ctx":"conn6","msg":"Connection ended","attr":{"remote":"172.19.0.1:41162","uuid":{"uuid":{"$uuid":"f350a4c6-c541-4a76-997d-1c9257238297"}},"connectionId":6,"connectionCount":2}}
{"t":{"$date":"2024-11-22T18:19:04.415+00:00"},"s":"I",  "c":"NETWORK",  "id":22944,   "ctx":"conn7","msg":"Connection ended","attr":{"remote":"172.19.0.1:41174","uuid":{"uuid":{"$uuid":"c61c6632-4763-4272-a277-a3d80e6bc0a9"}},"connectionId":7,"connectionCount":1}}
{"t":{"$date":"2024-11-22T18:19:04.416+00:00"},"s":"I",  "c":"NETWORK",  "id":22944,   "ctx":"conn8","msg":"Connection ended","attr":{"remote":"172.19.0.1:41164","uuid":{"uuid":{"$uuid":"79266f74-f757-4094-af10-d8c291ec4c48"}},"connectionId":8,"connectionCount":0}}
{"t":{"$date":"2024-11-22T18:19:12.836+00:00"},"s":"I",  "c":"CONTROL",  "id":23377,   "ctx":"SignalHandler","msg":"Received signal","attr":{"signal":15,"error":"Terminated"}}
{"t":{"$date":"2024-11-22T18:19:12.836+00:00"},"s":"I",  "c":"CONTROL",  "id":23378,   "ctx":"SignalHandler","msg":"Signal was sent by kill(2)","attr":{"pid":0,"uid":0}}
{"t":{"$date":"2024-11-22T18:19:12.837+00:00"},"s":"I",  "c":"CONTROL",  "id":23381,   "ctx":"SignalHandler","msg":"will terminate after current cmd ends"}
{"t":{"$date":"2024-11-22T18:19:12.838+00:00"},"s":"I",  "c":"REPL",     "id":4784900, "ctx":"SignalHandler","msg":"Stepping down the ReplicationCoordinator for shutdown","attr":{"waitTimeMillis":15000}}
{"t":{"$date":"2024-11-22T18:19:12.838+00:00"},"s":"I",  "c":"REPL",     "id":4794602, "ctx":"SignalHandler","msg":"Attempting to enter quiesce mode"}
{"t":{"$date":"2024-11-22T18:19:12.839+00:00"},"s":"I",  "c":"STORAGE",  "id":7333402, "ctx":"SignalHandler","msg":"Shutting down the DiskSpaceMonitor"}
{"t":{"$date":"2024-11-22T18:19:12.839+00:00"},"s":"I",  "c":"-",        "id":6371601, "ctx":"SignalHandler","msg":"Shutting down the FLE Crud thread pool"}
{"t":{"$date":"2024-11-22T18:19:12.839+00:00"},"s":"I",  "c":"COMMAND",  "id":4784901, "ctx":"SignalHandler","msg":"Shutting down the MirrorMaestro"}
{"t":{"$date":"2024-11-22T18:19:12.840+00:00"},"s":"I",  "c":"SHARDING", "id":4784902, "ctx":"SignalHandler","msg":"Shutting down the WaitForMajorityService"}
{"t":{"$date":"2024-11-22T18:19:12.840+00:00"},"s":"I",  "c":"CONTROL",  "id":4784903, "ctx":"SignalHandler","msg":"Shutting down the LogicalSessionCache"}
{"t":{"$date":"2024-11-22T18:19:12.841+00:00"},"s":"I",  "c":"NETWORK",  "id":8314100, "ctx":"SignalHandler","msg":"Shutdown: Closing listener sockets"}
{"t":{"$date":"2024-11-22T18:19:12.842+00:00"},"s":"I",  "c":"NETWORK",  "id":23017,   "ctx":"listener","msg":"removing socket file","attr":{"path":"/tmp/mongodb-27017.sock"}}
{"t":{"$date":"2024-11-22T18:19:12.842+00:00"},"s":"I",  "c":"NETWORK",  "id":4784905, "ctx":"SignalHandler","msg":"Shutting down the global connection pool"}
{"t":{"$date":"2024-11-22T18:19:12.842+00:00"},"s":"I",  "c":"CONTROL",  "id":4784906, "ctx":"SignalHandler","msg":"Shutting down the FlowControlTicketholder"}
{"t":{"$date":"2024-11-22T18:19:12.843+00:00"},"s":"I",  "c":"-",        "id":20520,   "ctx":"SignalHandler","msg":"Stopping further Flow Control ticket acquisitions."}
{"t":{"$date":"2024-11-22T18:19:12.843+00:00"},"s":"I",  "c":"CONTROL",  "id":4784908, "ctx":"SignalHandler","msg":"Shutting down the PeriodicThreadToAbortExpiredTransactions"}
{"t":{"$date":"2024-11-22T18:19:12.844+00:00"},"s":"I",  "c":"REPL",     "id":4784909, "ctx":"SignalHandler","msg":"Shutting down the ReplicationCoordinator"}
{"t":{"$date":"2024-11-22T18:19:12.844+00:00"},"s":"I",  "c":"SHARDING", "id":4784910, "ctx":"SignalHandler","msg":"Shutting down the ShardingInitializationMongoD"}
{"t":{"$date":"2024-11-22T18:19:12.845+00:00"},"s":"I",  "c":"REPL",     "id":4784911, "ctx":"SignalHandler","msg":"Enqueuing the ReplicationStateTransitionLock for shutdown"}
{"t":{"$date":"2024-11-22T18:19:12.845+00:00"},"s":"I",  "c":"-",        "id":4784912, "ctx":"SignalHandler","msg":"Killing all operations for shutdown"}
{"t":{"$date":"2024-11-22T18:19:12.846+00:00"},"s":"I",  "c":"-",        "id":4695300, "ctx":"SignalHandler","msg":"Interrupted all currently running operations","attr":{"opsKilled":3}}
{"t":{"$date":"2024-11-22T18:19:12.846+00:00"},"s":"I",  "c":"TENANT_M", "id":5093807, "ctx":"SignalHandler","msg":"Shutting down all TenantMigrationAccessBlockers on global shutdown"}
{"t":{"$date":"2024-11-22T18:19:12.847+00:00"},"s":"I",  "c":"ASIO",     "id":22582,   "ctx":"TenantMigrationBlockerNet","msg":"Killing all outstanding egress activity."}
{"t":{"$date":"2024-11-22T18:19:12.847+00:00"},"s":"I",  "c":"ASIO",     "id":6529201, "ctx":"SignalHandler","msg":"Network interface redundant shutdown","attr":{"state":"Stopped"}}
{"t":{"$date":"2024-11-22T18:19:12.847+00:00"},"s":"I",  "c":"ASIO",     "id":22582,   "ctx":"SignalHandler","msg":"Killing all outstanding egress activity."}
{"t":{"$date":"2024-11-22T18:19:12.847+00:00"},"s":"I",  "c":"COMMAND",  "id":4784913, "ctx":"SignalHandler","msg":"Shutting down all open transactions"}
{"t":{"$date":"2024-11-22T18:19:12.848+00:00"},"s":"I",  "c":"REPL",     "id":4784914, "ctx":"SignalHandler","msg":"Acquiring the ReplicationStateTransitionLock for shutdown"}
{"t":{"$date":"2024-11-22T18:19:12.848+00:00"},"s":"I",  "c":"INDEX",    "id":4784915, "ctx":"SignalHandler","msg":"Shutting down the IndexBuildsCoordinator"}
{"t":{"$date":"2024-11-22T18:19:12.848+00:00"},"s":"I",  "c":"NETWORK",  "id":4784918, "ctx":"SignalHandler","msg":"Shutting down the ReplicaSetMonitor"}
{"t":{"$date":"2024-11-22T18:19:12.849+00:00"},"s":"I",  "c":"SHARDING", "id":4784921, "ctx":"SignalHandler","msg":"Shutting down the MigrationUtilExecutor"}
{"t":{"$date":"2024-11-22T18:19:12.849+00:00"},"s":"I",  "c":"ASIO",     "id":22582,   "ctx":"MigrationUtil-TaskExecutor","msg":"Killing all outstanding egress activity."}
{"t":{"$date":"2024-11-22T18:19:12.849+00:00"},"s":"I",  "c":"NETWORK",  "id":20562,   "ctx":"SignalHandler","msg":"Shutdown: Closing open transport sessions"}
{"t":{"$date":"2024-11-22T18:19:12.850+00:00"},"s":"I",  "c":"NETWORK",  "id":4784923, "ctx":"SignalHandler","msg":"Shutting down the ASIO transport SessionManager"}
{"t":{"$date":"2024-11-22T18:19:12.850+00:00"},"s":"I",  "c":"CONTROL",  "id":4784927, "ctx":"SignalHandler","msg":"Shutting down the HealthLog"}
{"t":{"$date":"2024-11-22T18:19:12.850+00:00"},"s":"I",  "c":"CONTROL",  "id":4784928, "ctx":"SignalHandler","msg":"Shutting down the TTL monitor"}
{"t":{"$date":"2024-11-22T18:19:12.851+00:00"},"s":"I",  "c":"INDEX",    "id":3684100, "ctx":"SignalHandler","msg":"Shutting down TTL collection monitor thread"}
{"t":{"$date":"2024-11-22T18:19:12.851+00:00"},"s":"I",  "c":"INDEX",    "id":3684101, "ctx":"SignalHandler","msg":"Finished shutting down TTL collection monitor thread"}
{"t":{"$date":"2024-11-22T18:19:12.852+00:00"},"s":"I",  "c":"CONTROL",  "id":6278511, "ctx":"SignalHandler","msg":"Shutting down the Change Stream Expired Pre-images Remover"}
{"t":{"$date":"2024-11-22T18:19:12.853+00:00"},"s":"I",  "c":"CONTROL",  "id":4784929, "ctx":"SignalHandler","msg":"Acquiring the global lock for shutdown"}
{"t":{"$date":"2024-11-22T18:19:12.853+00:00"},"s":"I",  "c":"CONTROL",  "id":4784930, "ctx":"SignalHandler","msg":"Shutting down the storage engine"}
{"t":{"$date":"2024-11-22T18:19:12.854+00:00"},"s":"I",  "c":"STORAGE",  "id":22320,   "ctx":"SignalHandler","msg":"Shutting down journal flusher thread"}
{"t":{"$date":"2024-11-22T18:19:12.854+00:00"},"s":"I",  "c":"STORAGE",  "id":22321,   "ctx":"SignalHandler","msg":"Finished shutting down journal flusher thread"}
{"t":{"$date":"2024-11-22T18:19:12.854+00:00"},"s":"I",  "c":"STORAGE",  "id":22322,   "ctx":"SignalHandler","msg":"Shutting down checkpoint thread"}
{"t":{"$date":"2024-11-22T18:19:12.855+00:00"},"s":"I",  "c":"STORAGE",  "id":22323,   "ctx":"SignalHandler","msg":"Finished shutting down checkpoint thread"}
{"t":{"$date":"2024-11-22T18:19:12.855+00:00"},"s":"I",  "c":"STORAGE",  "id":22261,   "ctx":"SignalHandler","msg":"Timestamp monitor shutting down"}
{"t":{"$date":"2024-11-22T18:19:12.855+00:00"},"s":"I",  "c":"STORAGE",  "id":20282,   "ctx":"SignalHandler","msg":"Deregistering all the collections"}
{"t":{"$date":"2024-11-22T18:19:12.856+00:00"},"s":"I",  "c":"STORAGE",  "id":22317,   "ctx":"SignalHandler","msg":"WiredTigerKVEngine shutting down"}
{"t":{"$date":"2024-11-22T18:19:12.856+00:00"},"s":"I",  "c":"STORAGE",  "id":22318,   "ctx":"SignalHandler","msg":"Shutting down session sweeper thread"}
{"t":{"$date":"2024-11-22T18:19:12.856+00:00"},"s":"I",  "c":"STORAGE",  "id":22319,   "ctx":"SignalHandler","msg":"Finished shutting down session sweeper thread"}
{"t":{"$date":"2024-11-22T18:19:12.857+00:00"},"s":"I",  "c":"STORAGE",  "id":4795902, "ctx":"SignalHandler","msg":"Closing WiredTiger","attr":{"closeConfig":"leak_memory=true,use_timestamp=false,"}}
{"t":{"$date":"2024-11-22T18:19:12.865+00:00"},"s":"I",  "c":"WTCHKPT",  "id":22430,   "ctx":"SignalHandler","msg":"WiredTiger message","attr":{"message":{"ts_sec":1732299552,"ts_usec":865013,"thread":"1:0x7fd4959f76c0","session_name":"close_ckpt","category":"WT_VERB_CHECKPOINT_PROGRESS","category_id":7,"verbose_level":"DEBUG_1","verbose_level_id":1,"msg":"saving checkpoint snapshot min: 24, snapshot max: 24 snapshot count: 0, oldest timestamp: (0, 0) , meta checkpoint timestamp: (0, 0) base write gen: 41"}}}
{"t":{"$date":"2024-11-22T18:19:12.897+00:00"},"s":"I",  "c":"WTRECOV",  "id":22430,   "ctx":"SignalHandler","msg":"WiredTiger message","attr":{"message":{"ts_sec":1732299552,"ts_usec":897911,"thread":"1:0x7fd4959f76c0","session_name":"WT_CONNECTION.close","category":"WT_VERB_RECOVERY_PROGRESS","category_id":34,"verbose_level":"DEBUG_1","verbose_level_id":1,"msg":"shutdown checkpoint has successfully finished and ran for 33 milliseconds"}}}
{"t":{"$date":"2024-11-22T18:19:12.898+00:00"},"s":"I",  "c":"WTRECOV",  "id":22430,   "ctx":"SignalHandler","msg":"WiredTiger message","attr":{"message":{"ts_sec":1732299552,"ts_usec":898880,"thread":"1:0x7fd4959f76c0","session_name":"WT_CONNECTION.close","category":"WT_VERB_RECOVERY_PROGRESS","category_id":34,"verbose_level":"DEBUG_1","verbose_level_id":1,"msg":"shutdown was completed successfully and took 41ms, including 0ms for the rollback to stable, and 33ms for the checkpoint."}}}
{"t":{"$date":"2024-11-22T18:19:13.186+00:00"},"s":"I",  "c":"STORAGE",  "id":4795901, "ctx":"SignalHandler","msg":"WiredTiger closed","attr":{"durationMillis":329}}
{"t":{"$date":"2024-11-22T18:19:13.186+00:00"},"s":"I",  "c":"STORAGE",  "id":22279,   "ctx":"SignalHandler","msg":"shutdown: removing fs lock..."}
{"t":{"$date":"2024-11-22T18:19:13.188+00:00"},"s":"I",  "c":"-",        "id":4784931, "ctx":"SignalHandler","msg":"Dropping the scope cache for shutdown"}
{"t":{"$date":"2024-11-22T18:19:13.189+00:00"},"s":"I",  "c":"FTDC",     "id":20626,   "ctx":"SignalHandler","msg":"Shutting down full-time diagnostic data capture"}
{"t":{"$date":"2024-11-22T18:19:13.194+00:00"},"s":"I",  "c":"CONTROL",  "id":20565,   "ctx":"SignalHandler","msg":"Now exiting"}
{"t":{"$date":"2024-11-22T18:19:13.195+00:00"},"s":"I",  "c":"CONTROL",  "id":8423404, "ctx":"SignalHandler","msg":"mongod shutdown complete","attr":{"Summary of time elapsed":{"Statistics":{"Enter terminal shutdown":"0 ms","Step down the replication coordinator for shutdown":"0 ms","Time spent in quiesce mode":"0 ms","Shut down FLE Crud subsystem":"0 ms","Shut down MirrorMaestro":"0 ms","Shut down WaitForMajorityService":"1 ms","Shut down the logical session cache":"0 ms","Shut down the global connection pool":"0 ms","Shut down the flow control ticket holder":"1 ms","Shut down the thread that aborts expired transactions":"0 ms","Kill all operations for shutdown":"1 ms","Shut down all tenant migration access blockers on global shutdown":"1 ms","Shut down all open transactions":"1 ms","Acquire the RSTL for shutdown":"0 ms","Shut down the IndexBuildsCoordinator and wait for index builds to finish":"0 ms","Shut down the replica set monitor":"0 ms","Shut down the migration util executor":"0 ms","Shut down the transport layer":"1 ms","Shut down the health log":"0 ms","Shut down the TTL monitor":"1 ms","Shut down expired pre-images and documents removers":"1 ms","Shut down the storage engine":"335 ms","Wait for the oplog cap maintainer thread to stop":"0 ms","Shut down full-time data capture":"1 ms","Shut down online certificate status protocol manager":"0 ms","shutdownTask total elapsed time":"356 ms"}}}}
{"t":{"$date":"2024-11-22T18:19:13.196+00:00"},"s":"I",  "c":"CONTROL",  "id":23138,   "ctx":"SignalHandler","msg":"Shutting down","attr":{"exitCode":0}}
